{"C:\\Users\\rodhe\\Desktop\\AnimeScheduleMobile\\common\\defaultModalData.ts": {"path":"C:\\Users\\rodhe\\Desktop\\AnimeScheduleMobile\\common\\defaultModalData.ts","statementMap":{"0":{"start":{"line":3,"column":59},"end":{"line":47,"column":1}}},"fnMap":{},"branchMap":{},"s":{"0":1},"f":{},"b":{},"_coverageSchema":"1a1c01bbd47fc00a2c39e90264f33305004495a9","hash":"d3a82d5dfae52be825a9b56f491c34cf80cf0c46"}
,"C:\\Users\\rodhe\\Desktop\\AnimeScheduleMobile\\components\\home\\Index.tsx": {"path":"C:\\Users\\rodhe\\Desktop\\AnimeScheduleMobile\\components\\home\\Index.tsx","statementMap":{"0":{"start":{"line":8,"column":15},"end":{"line":14,"column":2}},"1":{"start":{"line":16,"column":29},"end":{"line":88,"column":1}},"2":{"start":{"line":21,"column":29},"end":{"line":32,"column":3}},"3":{"start":{"line":25,"column":26},"end":{"line":25,"column":72}},"4":{"start":{"line":25,"column":48},"end":{"line":25,"column":71}},"5":{"start":{"line":27,"column":4},"end":{"line":31,"column":11}},"6":{"start":{"line":29,"column":27},"end":{"line":29,"column":41}},"7":{"start":{"line":30,"column":24},"end":{"line":30,"column":34}},"8":{"start":{"line":34,"column":22},"end":{"line":36,"column":3}},"9":{"start":{"line":35,"column":4},"end":{"line":35,"column":56}},"10":{"start":{"line":35,"column":38},"end":{"line":35,"column":54}},"11":{"start":{"line":38,"column":44},"end":{"line":75,"column":50}},"12":{"start":{"line":39,"column":22},"end":{"line":39,"column":65}},"13":{"start":{"line":40,"column":20},"end":{"line":40,"column":62}},"14":{"start":{"line":41,"column":23},"end":{"line":41,"column":69}},"15":{"start":{"line":42,"column":19},"end":{"line":42,"column":62}},"16":{"start":{"line":43,"column":23},"end":{"line":43,"column":70}},"17":{"start":{"line":45,"column":4},"end":{"line":72,"column":5}},"18":{"start":{"line":46,"column":25},"end":{"line":46,"column":37}},"19":{"start":{"line":48,"column":6},"end":{"line":52,"column":7}},"20":{"start":{"line":49,"column":8},"end":{"line":51,"column":10}},"21":{"start":{"line":50,"column":10},"end":{"line":50,"column":59}},"22":{"start":{"line":50,"column":37},"end":{"line":50,"column":58}},"23":{"start":{"line":54,"column":6},"end":{"line":60,"column":9}},"24":{"start":{"line":55,"column":8},"end":{"line":59,"column":10}},"25":{"start":{"line":62,"column":6},"end":{"line":69,"column":7}},"26":{"start":{"line":63,"column":8},"end":{"line":66,"column":10}},"27":{"start":{"line":65,"column":12},"end":{"line":65,"column":75}},"28":{"start":{"line":68,"column":8},"end":{"line":68,"column":59}},"29":{"start":{"line":68,"column":36},"end":{"line":68,"column":57}},"30":{"start":{"line":71,"column":6},"end":{"line":71,"column":26}},"31":{"start":{"line":74,"column":4},"end":{"line":74,"column":14}},"32":{"start":{"line":77,"column":2},"end":{"line":87,"column":4}},"33":{"start":{"line":80,"column":8},"end":{"line":84,"column":10}}},"fnMap":{"0":{"name":"(anonymous_0)","decl":{"start":{"line":16,"column":29},"end":{"line":16,"column":30}},"loc":{"start":{"line":20,"column":26},"end":{"line":88,"column":1}},"line":20},"1":{"name":"(anonymous_1)","decl":{"start":{"line":21,"column":29},"end":{"line":21,"column":30}},"loc":{"start":{"line":24,"column":17},"end":{"line":32,"column":3}},"line":24},"2":{"name":"(anonymous_2)","decl":{"start":{"line":25,"column":39},"end":{"line":25,"column":40}},"loc":{"start":{"line":25,"column":48},"end":{"line":25,"column":71}},"line":25},"3":{"name":"(anonymous_3)","decl":{"start":{"line":29,"column":18},"end":{"line":29,"column":19}},"loc":{"start":{"line":29,"column":27},"end":{"line":29,"column":41}},"line":29},"4":{"name":"(anonymous_4)","decl":{"start":{"line":30,"column":15},"end":{"line":30,"column":16}},"loc":{"start":{"line":30,"column":24},"end":{"line":30,"column":34}},"line":30},"5":{"name":"(anonymous_5)","decl":{"start":{"line":34,"column":22},"end":{"line":34,"column":23}},"loc":{"start":{"line":34,"column":43},"end":{"line":36,"column":3}},"line":34},"6":{"name":"(anonymous_6)","decl":{"start":{"line":35,"column":31},"end":{"line":35,"column":32}},"loc":{"start":{"line":35,"column":38},"end":{"line":35,"column":54}},"line":35},"7":{"name":"(anonymous_7)","decl":{"start":{"line":38,"column":52},"end":{"line":38,"column":53}},"loc":{"start":{"line":38,"column":58},"end":{"line":75,"column":3}},"line":38},"8":{"name":"(anonymous_8)","decl":{"start":{"line":49,"column":43},"end":{"line":49,"column":44}},"loc":{"start":{"line":50,"column":10},"end":{"line":50,"column":59}},"line":50},"9":{"name":"(anonymous_9)","decl":{"start":{"line":50,"column":30},"end":{"line":50,"column":31}},"loc":{"start":{"line":50,"column":37},"end":{"line":50,"column":58}},"line":50},"10":{"name":"(anonymous_10)","decl":{"start":{"line":54,"column":41},"end":{"line":54,"column":42}},"loc":{"start":{"line":54,"column":48},"end":{"line":60,"column":7}},"line":54},"11":{"name":"(anonymous_11)","decl":{"start":{"line":64,"column":10},"end":{"line":64,"column":11}},"loc":{"start":{"line":65,"column":12},"end":{"line":65,"column":75}},"line":65},"12":{"name":"(anonymous_12)","decl":{"start":{"line":68,"column":26},"end":{"line":68,"column":27}},"loc":{"start":{"line":68,"column":36},"end":{"line":68,"column":57}},"line":68},"13":{"name":"(anonymous_13)","decl":{"start":{"line":79,"column":29},"end":{"line":79,"column":30}},"loc":{"start":{"line":80,"column":8},"end":{"line":84,"column":10}},"line":80}},"branchMap":{"0":{"loc":{"start":{"line":27,"column":11},"end":{"line":31,"column":10}},"type":"cond-expr","locations":[{"start":{"line":28,"column":8},"end":{"line":30,"column":35}},{"start":{"line":31,"column":8},"end":{"line":31,"column":10}}],"line":27},"1":{"loc":{"start":{"line":45,"column":4},"end":{"line":72,"column":5}},"type":"if","locations":[{"start":{"line":45,"column":4},"end":{"line":72,"column":5}},{"start":{},"end":{}}],"line":45},"2":{"loc":{"start":{"line":48,"column":6},"end":{"line":52,"column":7}},"type":"if","locations":[{"start":{"line":48,"column":6},"end":{"line":52,"column":7}},{"start":{},"end":{}}],"line":48},"3":{"loc":{"start":{"line":56,"column":10},"end":{"line":58,"column":43}},"type":"binary-expr","locations":[{"start":{"line":56,"column":10},"end":{"line":56,"column":53}},{"start":{"line":57,"column":10},"end":{"line":57,"column":42}},{"start":{"line":58,"column":10},"end":{"line":58,"column":43}}],"line":56},"4":{"loc":{"start":{"line":62,"column":6},"end":{"line":69,"column":7}},"type":"if","locations":[{"start":{"line":62,"column":6},"end":{"line":69,"column":7}},{"start":{"line":67,"column":13},"end":{"line":69,"column":7}}],"line":62}},"s":{"0":1,"1":1,"2":1,"3":5,"4":15,"5":5,"6":15,"7":13,"8":1,"9":0,"10":0,"11":1,"12":1,"13":1,"14":1,"15":1,"16":1,"17":1,"18":1,"19":1,"20":0,"21":0,"22":0,"23":1,"24":0,"25":1,"26":1,"27":0,"28":0,"29":0,"30":1,"31":0,"32":1,"33":0},"f":{"0":1,"1":5,"2":15,"3":15,"4":13,"5":0,"6":0,"7":1,"8":0,"9":0,"10":0,"11":0,"12":0,"13":0},"b":{"0":[5,0],"1":[1,0],"2":[0,1],"3":[0,0,0],"4":[1,0]},"_coverageSchema":"1a1c01bbd47fc00a2c39e90264f33305004495a9","hash":"2aa9558299e110486c9a136f437b7da80b1b326c"}
,"C:\\Users\\rodhe\\Desktop\\AnimeScheduleMobile\\components\\home\\options\\Index.tsx": {"path":"C:\\Users\\rodhe\\Desktop\\AnimeScheduleMobile\\components\\home\\options\\Index.tsx","statementMap":{"0":{"start":{"line":10,"column":15},"end":{"line":16,"column":2}},"1":{"start":{"line":18,"column":27},"end":{"line":37,"column":1}},"2":{"start":{"line":23,"column":21},"end":{"line":29,"column":3}},"3":{"start":{"line":24,"column":4},"end":{"line":28,"column":5}},"4":{"start":{"line":25,"column":22},"end":{"line":25,"column":58}},"5":{"start":{"line":27,"column":6},"end":{"line":27,"column":23}},"6":{"start":{"line":31,"column":2},"end":{"line":36,"column":4}}},"fnMap":{"0":{"name":"(anonymous_0)","decl":{"start":{"line":18,"column":27},"end":{"line":18,"column":28}},"loc":{"start":{"line":22,"column":24},"end":{"line":37,"column":1}},"line":22},"1":{"name":"(anonymous_1)","decl":{"start":{"line":23,"column":21},"end":{"line":23,"column":22}},"loc":{"start":{"line":23,"column":53},"end":{"line":29,"column":3}},"line":23}},"branchMap":{"0":{"loc":{"start":{"line":24,"column":4},"end":{"line":28,"column":5}},"type":"if","locations":[{"start":{"line":24,"column":4},"end":{"line":28,"column":5}},{"start":{},"end":{}}],"line":24},"1":{"loc":{"start":{"line":33,"column":7},"end":{"line":33,"column":68}},"type":"binary-expr","locations":[{"start":{"line":33,"column":7},"end":{"line":33,"column":11}},{"start":{"line":33,"column":15},"end":{"line":33,"column":68}}],"line":33}},"s":{"0":1,"1":1,"2":1,"3":0,"4":0,"5":0,"6":1},"f":{"0":1,"1":0},"b":{"0":[0,0],"1":[1,0]},"_coverageSchema":"1a1c01bbd47fc00a2c39e90264f33305004495a9","hash":"b016c1dc6966630104211d96acb142c3ce8232e0"}
,"C:\\Users\\rodhe\\Desktop\\AnimeScheduleMobile\\utils\\dateUtils.ts": {"path":"C:\\Users\\rodhe\\Desktop\\AnimeScheduleMobile\\utils\\dateUtils.ts","statementMap":{"0":{"start":{"line":16,"column":34},"end":{"line":16,"column":56}},"1":{"start":{"line":16,"column":46},"end":{"line":16,"column":56}},"2":{"start":{"line":18,"column":31},"end":{"line":19,"column":27}},"3":{"start":{"line":19,"column":2},"end":{"line":19,"column":27}},"4":{"start":{"line":21,"column":40},"end":{"line":34,"column":1}},"5":{"start":{"line":25,"column":18},"end":{"line":25,"column":32}},"6":{"start":{"line":27,"column":2},"end":{"line":31,"column":3}},"7":{"start":{"line":28,"column":4},"end":{"line":28,"column":43}},"8":{"start":{"line":30,"column":4},"end":{"line":30,"column":43}},"9":{"start":{"line":33,"column":2},"end":{"line":33,"column":17}},"10":{"start":{"line":36,"column":34},"end":{"line":42,"column":1}},"11":{"start":{"line":37,"column":2},"end":{"line":41,"column":5}},"12":{"start":{"line":44,"column":25},"end":{"line":54,"column":1}},"13":{"start":{"line":45,"column":14},"end":{"line":45,"column":24}},"14":{"start":{"line":47,"column":15},"end":{"line":47,"column":51}},"15":{"start":{"line":49,"column":15},"end":{"line":49,"column":55}},"16":{"start":{"line":50,"column":16},"end":{"line":50,"column":77}},"17":{"start":{"line":51,"column":18},"end":{"line":51,"column":69}},"18":{"start":{"line":53,"column":2},"end":{"line":53,"column":42}}},"fnMap":{"0":{"name":"(anonymous_0)","decl":{"start":{"line":16,"column":34},"end":{"line":16,"column":35}},"loc":{"start":{"line":16,"column":46},"end":{"line":16,"column":56}},"line":16},"1":{"name":"(anonymous_1)","decl":{"start":{"line":18,"column":31},"end":{"line":18,"column":32}},"loc":{"start":{"line":19,"column":2},"end":{"line":19,"column":27}},"line":19},"2":{"name":"(anonymous_2)","decl":{"start":{"line":21,"column":40},"end":{"line":21,"column":41}},"loc":{"start":{"line":24,"column":11},"end":{"line":34,"column":1}},"line":24},"3":{"name":"(anonymous_3)","decl":{"start":{"line":36,"column":34},"end":{"line":36,"column":35}},"loc":{"start":{"line":36,"column":58},"end":{"line":42,"column":1}},"line":36},"4":{"name":"(anonymous_4)","decl":{"start":{"line":44,"column":25},"end":{"line":44,"column":26}},"loc":{"start":{"line":44,"column":55},"end":{"line":54,"column":1}},"line":44}},"branchMap":{"0":{"loc":{"start":{"line":27,"column":2},"end":{"line":31,"column":3}},"type":"if","locations":[{"start":{"line":27,"column":2},"end":{"line":31,"column":3}},{"start":{"line":29,"column":9},"end":{"line":31,"column":3}}],"line":27}},"s":{"0":1,"1":0,"2":1,"3":0,"4":1,"5":0,"6":0,"7":0,"8":0,"9":0,"10":1,"11":0,"12":1,"13":0,"14":0,"15":0,"16":0,"17":0,"18":0},"f":{"0":0,"1":0,"2":0,"3":0,"4":0},"b":{"0":[0,0]},"_coverageSchema":"1a1c01bbd47fc00a2c39e90264f33305004495a9","hash":"cbdc52d4b598a661baa46581da56d9fd40937afb"}
}
