TN:
SF:common\defaultModalData.ts
FNF:0
FNH:0
DA:3,1
LF:1
LH:1
BRF:0
BRH:0
end_of_record
TN:
SF:components\home\Index.tsx
FN:16,(anonymous_0)
FN:21,(anonymous_1)
FN:25,(anonymous_2)
FN:29,(anonymous_3)
FN:30,(anonymous_4)
FN:34,(anonymous_5)
FN:35,(anonymous_6)
FN:38,(anonymous_7)
FN:49,(anonymous_8)
FN:50,(anonymous_9)
FN:54,(anonymous_10)
FN:64,(anonymous_11)
FN:68,(anonymous_12)
FN:79,(anonymous_13)
FNF:14
FNH:6
FNDA:1,(anonymous_0)
FNDA:5,(anonymous_1)
FNDA:15,(anonymous_2)
FNDA:15,(anonymous_3)
FNDA:13,(anonymous_4)
FNDA:0,(anonymous_5)
FNDA:0,(anonymous_6)
FNDA:1,(anonymous_7)
FNDA:0,(anonymous_8)
FNDA:0,(anonymous_9)
FNDA:0,(anonymous_10)
FNDA:0,(anonymous_11)
FNDA:0,(anonymous_12)
FNDA:0,(anonymous_13)
DA:8,1
DA:16,1
DA:21,1
DA:25,15
DA:27,5
DA:29,15
DA:30,13
DA:34,1
DA:35,0
DA:38,1
DA:39,1
DA:40,1
DA:41,1
DA:42,1
DA:43,1
DA:45,1
DA:46,1
DA:48,1
DA:49,0
DA:50,0
DA:54,1
DA:55,0
DA:62,1
DA:63,1
DA:65,0
DA:68,0
DA:71,1
DA:74,0
DA:77,1
DA:80,0
LF:30
LH:22
BRDA:27,0,0,5
BRDA:27,0,1,0
BRDA:45,1,0,1
BRDA:45,1,1,0
BRDA:48,2,0,0
BRDA:48,2,1,1
BRDA:56,3,0,0
BRDA:56,3,1,0
BRDA:56,3,2,0
BRDA:62,4,0,1
BRDA:62,4,1,0
BRF:11
BRH:4
end_of_record
TN:
SF:components\home\options\Index.tsx
FN:18,(anonymous_0)
FN:23,(anonymous_1)
FNF:2
FNH:1
FNDA:1,(anonymous_0)
FNDA:0,(anonymous_1)
DA:10,1
DA:18,1
DA:23,1
DA:24,0
DA:25,0
DA:27,0
DA:31,1
LF:7
LH:4
BRDA:24,0,0,0
BRDA:24,0,1,0
BRDA:33,1,0,1
BRDA:33,1,1,0
BRF:4
BRH:1
end_of_record
TN:
SF:utils\dateUtils.ts
FN:16,(anonymous_0)
FN:18,(anonymous_1)
FN:21,(anonymous_2)
FN:36,(anonymous_3)
FN:44,(anonymous_4)
FNF:5
FNH:0
FNDA:0,(anonymous_0)
FNDA:0,(anonymous_1)
FNDA:0,(anonymous_2)
FNDA:0,(anonymous_3)
FNDA:0,(anonymous_4)
DA:16,1
DA:18,1
DA:19,0
DA:21,1
DA:25,0
DA:27,0
DA:28,0
DA:30,0
DA:33,0
DA:36,1
DA:37,0
DA:44,1
DA:45,0
DA:47,0
DA:49,0
DA:50,0
DA:51,0
DA:53,0
LF:18
LH:5
BRDA:27,0,0,0
BRDA:27,0,1,0
BRF:2
BRH:0
end_of_record
